C51 COMPILER V8.05a   INTE                                                                 12/23/2009 21:50:51 PAGE 1   


C51 COMPILER V8.05a, COMPILATION OF MODULE INTE
OBJECT MODULE PLACED IN inte.OBJ
COMPILER INVOKED BY: C:\Keil\C51\BIN\C51.EXE inte.c DEBUG OBJECTEXTEND

line level    source

   1          //*********************************************************************
   2          // INTE.C
   3          // Funciones para el uso de las lineas de interrupciones externas 8052
   4          //*********************************************************************
   5          #include <reg52.h>
   6          
   7          void atExt0( void );
   8          void atExt1( void );
   9          
  10          bit flagNuevaVenta;
  11          bit flagNuevaMoneda;
  12          
  13          #define FALSE   0
  14          #define TRUE    1
  15          
  16          /*---[ atExt0() ]------------------------------------------------------
  17          ** Atencion de interrupcion externa 0
  18          */
  19          void atExt0() interrupt 0
  20          {
  21   1        flagNuevaMoneda=TRUE; /* (3) completar */
  22   1      }
  23          
  24          /*---[ atExt1() ]------------------------------------------------------
  25          ** Atencion de interrupcion externa 1
  26          */
  27          void atExt1() interrupt 2
  28          {
  29   1        //inicio de venta
  30   1         flagNuevaVenta=TRUE; /* (4) completar */
  31   1      }
  32          
  33          


MODULE INFORMATION:   STATIC OVERLAYABLE
   CODE SIZE        =      6    ----
   CONSTANT SIZE    =   ----    ----
   XDATA SIZE       =   ----    ----
   PDATA SIZE       =   ----    ----
   DATA SIZE        =   ----    ----
   IDATA SIZE       =   ----    ----
   BIT SIZE         =      2    ----
END OF MODULE INFORMATION.


C51 COMPILATION COMPLETE.  0 WARNING(S),  0 ERROR(S)
